<?xml version="1.0" encoding="UTF-8"?>
<!-- Generated by org.testng.reporters.JUnitXMLReporter -->
<testsuite hostname="Brians-MacBook-Pro.local" name="Command line test" tests="20" failures="0" timestamp="16 Aug 2016 10:33:47 GMT" time="2.251" errors="0">
  <testcase name="editEmployee" time="0.02" classname="com.covenant.app.controllers.AppControllerTest"/>
  <testcase name="listEmployees" time="0.004" classname="com.covenant.app.controllers.AppControllerTest"/>
  <testcase name="newEmployee" time="0.0" classname="com.covenant.app.controllers.AppControllerTest"/>
  <testcase name="saveEmployeeWithSuccess" time="0.002" classname="com.covenant.app.controllers.AppControllerTest"/>
  <testcase name="saveEmployeeWithValidationError" time="0.0" classname="com.covenant.app.controllers.AppControllerTest"/>
  <testcase name="saveEmployeeWithValidationErrorNonUniqueSSN" time="0.001" classname="com.covenant.app.controllers.AppControllerTest"/>
  <testcase name="updateEmployeeWithSuccess" time="0.001" classname="com.covenant.app.controllers.AppControllerTest"/>
  <testcase name="updateEmployeeWithValidationError" time="0.0" classname="com.covenant.app.controllers.AppControllerTest"/>
  <testcase name="updateEmployeeWithValidationErrorNonUniqueSSN" time="0.001" classname="com.covenant.app.controllers.AppControllerTest"/>
  <testcase name="findAll" time="0.113" classname="com.covenant.app.controllers.ApppControllerTest"/>
  <testcase name="findAllEmployees" time="0.007" classname="com.covenant.app.dao.EmployeeDaoImplTest"/>
  <testcase name="findById" time="0.008" classname="com.covenant.app.dao.EmployeeDaoImplTest"/>
  <testcase name="findEmployeeBySsn" time="0.005" classname="com.covenant.app.dao.EmployeeDaoImplTest"/>
  <testcase name="saveEmployee" time="0.023" classname="com.covenant.app.dao.EmployeeDaoImplTest"/>
  <testcase name="findAllEmployees" time="0.0" classname="com.covenant.app.services.EmployeeServiceImplTest"/>
  <testcase name="findById" time="0.001" classname="com.covenant.app.services.EmployeeServiceImplTest"/>
  <testcase name="findEmployeeBySsn" time="0.0" classname="com.covenant.app.services.EmployeeServiceImplTest"/>
  <testcase name="isEmployeeSsnUnique" time="0.0" classname="com.covenant.app.services.EmployeeServiceImplTest"/>
  <testcase name="saveEmployee" time="0.0" classname="com.covenant.app.services.EmployeeServiceImplTest"/>
  <testcase name="updateEmployee" time="0.0" classname="com.covenant.app.services.EmployeeServiceImplTest"/>
</testsuite> <!-- Command line test -->
